<?xml version="1.0" encoding="UTF-8"?>
<!-- Generated by org.testng.reporters.JUnitReportReporter -->
<testsuite hostname="EMPID200" name="loginPageTest.LoginTest" tests="1" failures="0" timestamp="26 Jun 2020 17:51:54 GMT" time="8.437" errors="0">
  <testcase name="LoginToApplicationWithsqlinEmail" time="8.437" classname="loginPageTest.LoginTest"/>
</testsuite> <!-- loginPageTest.LoginTest -->
